Using pre-set license
Built from '2021.3/staging' branch; Version is '2021.3.22f1 (b6c551784ba3) revision 11978065'; Using compiler version '192829333'; Build Type 'Release'
OS: 'Windows 11  (10.0.22621) 64bit Professional' Language: 'en' Physical Memory: 12153 MB
BatchMode: 1, IsHumanControllingUs: 0, StartBugReporterOnCrash: 0, Is64bit: 1, IsPro: 1

COMMAND LINE ARGUMENTS:
C:\Program Files\Unity\Hub\Editor\2021.3.22f1\Editor\Unity.exe
-adb2
-batchMode
-noUpm
-name
AssetImportWorker1
-projectPath
E:/PA/Project/trial
-logFile
Logs/AssetImportWorker1.log
-srvPort
50922
Successfully changed project path to: E:/PA/Project/trial
E:/PA/Project/trial
[UnityMemory] Configuration Parameters - Can be set up in boot.config
    "memorysetup-bucket-allocator-granularity=16"
    "memorysetup-bucket-allocator-bucket-count=8"
    "memorysetup-bucket-allocator-block-size=33554432"
    "memorysetup-bucket-allocator-block-count=8"
    "memorysetup-main-allocator-block-size=16777216"
    "memorysetup-thread-allocator-block-size=16777216"
    "memorysetup-gfx-main-allocator-block-size=16777216"
    "memorysetup-gfx-thread-allocator-block-size=16777216"
    "memorysetup-cache-allocator-block-size=4194304"
    "memorysetup-typetree-allocator-block-size=2097152"
    "memorysetup-profiler-bucket-allocator-granularity=16"
    "memorysetup-profiler-bucket-allocator-bucket-count=8"
    "memorysetup-profiler-bucket-allocator-block-size=33554432"
    "memorysetup-profiler-bucket-allocator-block-count=8"
    "memorysetup-profiler-allocator-block-size=16777216"
    "memorysetup-profiler-editor-allocator-block-size=1048576"
    "memorysetup-temp-allocator-size-main=16777216"
    "memorysetup-job-temp-allocator-block-size=2097152"
    "memorysetup-job-temp-allocator-block-size-background=1048576"
    "memorysetup-job-temp-allocator-reduction-small-platforms=262144"
    "memorysetup-temp-allocator-size-background-worker=32768"
    "memorysetup-temp-allocator-size-job-worker=262144"
    "memorysetup-temp-allocator-size-preload-manager=33554432"
    "memorysetup-temp-allocator-size-nav-mesh-worker=65536"
    "memorysetup-temp-allocator-size-audio-worker=65536"
    "memorysetup-temp-allocator-size-cloud-worker=32768"
    "memorysetup-temp-allocator-size-gi-baking-worker=262144"
    "memorysetup-temp-allocator-size-gfx=262144"
Player connection [7028] Host "[IP] 192.168.1.80 [Port] 0 [Flags] 2 [Guid] 1370977170 [EditorId] 1370977170 [Version] 1048832 [Id] WindowsEditor(7,DESKTOP-1MN8T1K) [Debug] 1 [PackageName] WindowsEditor [ProjectName] Editor" joined multi-casting on [225.0.0.222:54997]...

Player connection [7028] Host "[IP] 192.168.1.80 [Port] 0 [Flags] 2 [Guid] 1370977170 [EditorId] 1370977170 [Version] 1048832 [Id] WindowsEditor(7,DESKTOP-1MN8T1K) [Debug] 1 [PackageName] WindowsEditor [ProjectName] Editor" joined alternative multi-casting on [225.0.0.222:34997]...

Refreshing native plugins compatible for Editor in 115.08 ms, found 6 plugins.
Preloading 2 native plugins for Editor in 3.55 ms.
Initialize engine version: 2021.3.22f1 (b6c551784ba3)
[Subsystems] Discovering subsystems at path C:/Program Files/Unity/Hub/Editor/2021.3.22f1/Editor/Data/Resources/UnitySubsystems
[Subsystems] Discovering subsystems at path E:/PA/Project/trial/Assets
GfxDevice: creating device client; threaded=0; jobified=0
Direct3D:
    Version:  Direct3D 11.0 [level 11.1]
    Renderer: Radeon (TM) 520 (ID=0x6665)
    Vendor:   ATI
    VRAM:     2039 MB
    Driver:   27.20.20913.2000
Initialize mono
Mono path[0] = 'C:/Program Files/Unity/Hub/Editor/2021.3.22f1/Editor/Data/Managed'
Mono path[1] = 'C:/Program Files/Unity/Hub/Editor/2021.3.22f1/Editor/Data/MonoBleedingEdge/lib/mono/unityjit-win32'
Mono config path = 'C:/Program Files/Unity/Hub/Editor/2021.3.22f1/Editor/Data/MonoBleedingEdge/etc'
Using monoOptions --debugger-agent=transport=dt_socket,embedding=1,server=y,suspend=n,address=127.0.0.1:56188
Begin MonoManager ReloadAssembly
Registering precompiled unity dll's ...
Register platform support module: C:/Program Files/Unity/Hub/Editor/2021.3.22f1/Editor/Data/PlaybackEngines/AndroidPlayer/UnityEditor.Android.Extensions.dll
Register platform support module: C:/Program Files/Unity/Hub/Editor/2021.3.22f1/Editor/Data/PlaybackEngines/WindowsStandaloneSupport/UnityEditor.WindowsStandalone.Extensions.dll
Registered in 0.009171 seconds.
Native extension for WindowsStandalone target not found
Native extension for Android target not found
Android Extension - Scanning For ADB Devices 592 ms
Refreshing native plugins compatible for Editor in 206.63 ms, found 6 plugins.
Preloading 2 native plugins for Editor in 0.15 ms.
Mono: successfully reloaded assembly
- Completed reload, in  2.061 seconds
Domain Reload Profiling:
	ReloadAssembly (2062ms)
		BeginReloadAssembly (145ms)
			ExecutionOrderSort (0ms)
			DisableScriptedObjects (0ms)
			BackupInstance (0ms)
			ReleaseScriptingObjects (0ms)
			CreateAndSetChildDomain (1ms)
		EndReloadAssembly (1720ms)
			LoadAssemblies (144ms)
			RebuildTransferFunctionScriptingTraits (0ms)
			SetupTypeCache (269ms)
			ReleaseScriptCaches (0ms)
			RebuildScriptCaches (79ms)
			SetupLoadedEditorAssemblies (1254ms)
				LogAssemblyErrors (0ms)
				InitializePlatformSupportModulesInManaged (769ms)
				SetLoadedEditorAssemblies (0ms)
				RefreshPlugins (207ms)
				BeforeProcessingInitializeOnLoad (3ms)
				ProcessInitializeOnLoadAttributes (191ms)
				ProcessInitializeOnLoadMethodAttributes (83ms)
				AfterProcessingInitializeOnLoad (0ms)
				EditorAssembliesLoaded (0ms)
			ExecutionOrderSort2 (0ms)
			AwakeInstancesAfterBackupRestoration (0ms)
Platform modules already initialized, skipping
Registering precompiled user dll's ...
Registered in 0.010483 seconds.
Begin MonoManager ReloadAssembly
Symbol file LoadedFromMemory doesn't match image E:\PA\Project\trial\Library\PackageCache\com.unity.visualscripting@1.8.0\Editor\VisualScripting.Core\Dependencies\YamlDotNet\Unity.VisualScripting.YamlDotNet.dll
Symbol file LoadedFromMemory doesn't match image E:\PA\Project\trial\Library\PackageCache\com.unity.visualscripting@1.8.0\Editor\VisualScripting.Core\Dependencies\DotNetZip\Unity.VisualScripting.IonicZip.dll
Native extension for WindowsStandalone target not found
Native extension for Android target not found
Refreshing native plugins compatible for Editor in 1.36 ms, found 6 plugins.
Preloading 2 native plugins for Editor in 0.10 ms.
Mono: successfully reloaded assembly
- Completed reload, in  1.631 seconds
Domain Reload Profiling:
	ReloadAssembly (1632ms)
		BeginReloadAssembly (224ms)
			ExecutionOrderSort (0ms)
			DisableScriptedObjects (17ms)
			BackupInstance (0ms)
			ReleaseScriptingObjects (0ms)
			CreateAndSetChildDomain (31ms)
		EndReloadAssembly (1216ms)
			LoadAssemblies (151ms)
			RebuildTransferFunctionScriptingTraits (0ms)
			SetupTypeCache (393ms)
			ReleaseScriptCaches (1ms)
			RebuildScriptCaches (93ms)
			SetupLoadedEditorAssemblies (547ms)
				LogAssemblyErrors (0ms)
				InitializePlatformSupportModulesInManaged (30ms)
				SetLoadedEditorAssemblies (1ms)
				RefreshPlugins (2ms)
				BeforeProcessingInitializeOnLoad (122ms)
				ProcessInitializeOnLoadAttributes (353ms)
				ProcessInitializeOnLoadMethodAttributes (31ms)
				AfterProcessingInitializeOnLoad (8ms)
				EditorAssembliesLoaded (0ms)
			ExecutionOrderSort2 (0ms)
			AwakeInstancesAfterBackupRestoration (10ms)
Platform modules already initialized, skipping
========================================================================
Worker process is ready to serve import requests
Launched and connected shader compiler UnityShaderCompiler.exe after 0.06 seconds
Refreshing native plugins compatible for Editor in 0.80 ms, found 6 plugins.
Preloading 2 native plugins for Editor in 0.07 ms.
Unloading 3041 Unused Serialized files (Serialized files now loaded: 0)
Unloading 43 unused Assets / (58.4 KB). Loaded Objects now: 3807.
Memory consumption went from 115.8 MB to 115.8 MB.
Total: 4.245600 ms (FindLiveObjects: 0.367300 ms CreateObjectMapping: 0.236100 ms MarkObjects: 3.540500 ms  DeleteObjects: 0.100000 ms)

AssetImportParameters requested are different than current active one (requested -> active):
  custom:video-decoder-ogg-theora: a1e56fd34408186e4bbccfd4996cb3dc -> 
  custom:container-muxer-webm: aa71ff27fc2769a1b78a27578f13a17b -> 
  custom:container-demuxer-webm: 4f35f7cbe854078d1ac9338744f61a02 -> 
  custom:video-encoder-webm-vp8: eb34c28f22e8b96e1ab97ce403110664 -> 
  custom:audio-encoder-webm-vorbis: bf7c407c2cedff20999df2af8eb42d56 -> 
  custom:framework-win-MediaFoundation: 216162199b28c13a410421893ffa2e32 -> 
  custom:container-demuxer-ogg: 62fdf1f143b41e24485cea50d1cbac27 -> 
  custom:video-decoder-webm-vp8: 9c59270c3fd7afecdb556c50c9e8de78 -> 
  custom:audio-decoder-ogg-vorbis: bf7c407c2cedff20999df2af8eb42d56 -> 
========================================================================
Received Import Request.
  Time since last request: 2683.830914 seconds.
  path: Assets/suara/audio new/2 ba.mp3
  artifactKey: Guid(513d4e4a1691d2a42a975d565bc2ee81) Importer(815301076,1909f56bfc062723c751e8b465ee728b)
Start importing Assets/suara/audio new/2 ba.mp3 using Guid(513d4e4a1691d2a42a975d565bc2ee81) Importer(815301076,1909f56bfc062723c751e8b465ee728b)  -> (artifact id: '82b88b938a7750d176c820e41049e76c') in 0.229159 seconds 
========================================================================
Received Prepare
Registering precompiled user dll's ...
Registered in 0.008578 seconds.
Begin MonoManager ReloadAssembly
Symbol file LoadedFromMemory doesn't match image E:\PA\Project\trial\Library\PackageCache\com.unity.visualscripting@1.8.0\Editor\VisualScripting.Core\Dependencies\YamlDotNet\Unity.VisualScripting.YamlDotNet.dll
Symbol file LoadedFromMemory doesn't match image E:\PA\Project\trial\Library\PackageCache\com.unity.visualscripting@1.8.0\Editor\VisualScripting.Core\Dependencies\DotNetZip\Unity.VisualScripting.IonicZip.dll
Native extension for WindowsStandalone target not found
Native extension for Android target not found
Refreshing native plugins compatible for Editor in 0.82 ms, found 6 plugins.
Preloading 2 native plugins for Editor in 0.09 ms.
Mono: successfully reloaded assembly
- Completed reload, in  1.865 seconds
Domain Reload Profiling:
	ReloadAssembly (1866ms)
		BeginReloadAssembly (277ms)
			ExecutionOrderSort (0ms)
			DisableScriptedObjects (11ms)
			BackupInstance (0ms)
			ReleaseScriptingObjects (0ms)
			CreateAndSetChildDomain (64ms)
		EndReloadAssembly (1409ms)
			LoadAssemblies (162ms)
			RebuildTransferFunctionScriptingTraits (0ms)
			SetupTypeCache (453ms)
			ReleaseScriptCaches (3ms)
			RebuildScriptCaches (144ms)
			SetupLoadedEditorAssemblies (574ms)
				LogAssemblyErrors (0ms)
				InitializePlatformSupportModulesInManaged (27ms)
				SetLoadedEditorAssemblies (1ms)
				RefreshPlugins (1ms)
				BeforeProcessingInitializeOnLoad (123ms)
				ProcessInitializeOnLoadAttributes (371ms)
				ProcessInitializeOnLoadMethodAttributes (42ms)
				AfterProcessingInitializeOnLoad (9ms)
				EditorAssembliesLoaded (0ms)
			ExecutionOrderSort2 (0ms)
			AwakeInstancesAfterBackupRestoration (12ms)
Platform modules already initialized, skipping
Refreshing native plugins compatible for Editor in 29.41 ms, found 6 plugins.
Preloading 2 native plugins for Editor in 0.11 ms.
Unloading 2992 Unused Serialized files (Serialized files now loaded: 0)
Unloading 36 unused Assets / (36.0 KB). Loaded Objects now: 3820.
Memory consumption went from 115.4 MB to 115.4 MB.
Total: 3.886900 ms (FindLiveObjects: 0.290200 ms CreateObjectMapping: 0.170600 ms MarkObjects: 3.385200 ms  DeleteObjects: 0.039400 ms)

AssetImportParameters requested are different than current active one (requested -> active):
  custom:video-decoder-ogg-theora: a1e56fd34408186e4bbccfd4996cb3dc -> 
  custom:container-muxer-webm: aa71ff27fc2769a1b78a27578f13a17b -> 
  custom:container-demuxer-webm: 4f35f7cbe854078d1ac9338744f61a02 -> 
  custom:video-encoder-webm-vp8: eb34c28f22e8b96e1ab97ce403110664 -> 
  custom:audio-encoder-webm-vorbis: bf7c407c2cedff20999df2af8eb42d56 -> 
  custom:framework-win-MediaFoundation: 216162199b28c13a410421893ffa2e32 -> 
  custom:container-demuxer-ogg: 62fdf1f143b41e24485cea50d1cbac27 -> 
  custom:video-decoder-webm-vp8: 9c59270c3fd7afecdb556c50c9e8de78 -> 
  custom:audio-decoder-ogg-vorbis: bf7c407c2cedff20999df2af8eb42d56 -> 
========================================================================
Received Import Request.
  Time since last request: 536.145213 seconds.
  path: Assets/suara/audio new/4 tsa.mp3
  artifactKey: Guid(a59a9291521ad414492ba6c74b6758c5) Importer(815301076,1909f56bfc062723c751e8b465ee728b)
Start importing Assets/suara/audio new/4 tsa.mp3 using Guid(a59a9291521ad414492ba6c74b6758c5) Importer(815301076,1909f56bfc062723c751e8b465ee728b)  -> (artifact id: 'bcb45a5a07ee4caa73e9778f98313128') in 0.102405 seconds 
========================================================================
Received Import Request.
  Time since last request: 0.000062 seconds.
  path: Assets/suara/audio new/24 waw.mp3
  artifactKey: Guid(8b4779ccc89b19744ac28c0f69aa7cee) Importer(815301076,1909f56bfc062723c751e8b465ee728b)
Start importing Assets/suara/audio new/24 waw.mp3 using Guid(8b4779ccc89b19744ac28c0f69aa7cee) Importer(815301076,1909f56bfc062723c751e8b465ee728b)  -> (artifact id: 'b2933e86cd9d957c47a52fb462cde279') in 0.024409 seconds 
========================================================================
Received Import Request.
  Time since last request: 0.000039 seconds.
  path: Assets/suara/audio new/8 dal.mp3
  artifactKey: Guid(59f6a7474395789409653a7b9c4a2bbb) Importer(815301076,1909f56bfc062723c751e8b465ee728b)
Start importing Assets/suara/audio new/8 dal.mp3 using Guid(59f6a7474395789409653a7b9c4a2bbb) Importer(815301076,1909f56bfc062723c751e8b465ee728b)  -> (artifact id: '6d4e7231ccdd2e90f3a3ab0881d4b34d') in 0.022423 seconds 
========================================================================
Received Import Request.
  Time since last request: 0.000041 seconds.
  path: Assets/suara/audio new/21 lam.mp3
  artifactKey: Guid(9b383c9e2dce7d543b93dd2382a32c24) Importer(815301076,1909f56bfc062723c751e8b465ee728b)
Start importing Assets/suara/audio new/21 lam.mp3 using Guid(9b383c9e2dce7d543b93dd2382a32c24) Importer(815301076,1909f56bfc062723c751e8b465ee728b)  -> (artifact id: '47ecaf47174e28547bc638aa9da7e268') in 0.021623 seconds 
========================================================================
Received Import Request.
  Time since last request: 0.000026 seconds.
  path: Assets/suara/audio new/13 shod.mp3
  artifactKey: Guid(a11a25133ddca964290cf6ea621a1124) Importer(815301076,1909f56bfc062723c751e8b465ee728b)
Start importing Assets/suara/audio new/13 shod.mp3 using Guid(a11a25133ddca964290cf6ea621a1124) Importer(815301076,1909f56bfc062723c751e8b465ee728b)  -> (artifact id: '834ec38cfe058cdb33d1ff2037a85166') in 0.020981 seconds 
========================================================================
Received Import Request.
  Time since last request: 0.000042 seconds.
  path: Assets/suara/audio new/16 zho.mp3
  artifactKey: Guid(2d6a9b84c4936794385dc7ecbf1ffe09) Importer(815301076,1909f56bfc062723c751e8b465ee728b)
Start importing Assets/suara/audio new/16 zho.mp3 using Guid(2d6a9b84c4936794385dc7ecbf1ffe09) Importer(815301076,1909f56bfc062723c751e8b465ee728b)  -> (artifact id: '31c5c5e6a9022c1d12a37a594233f3ec') in 0.022672 seconds 
========================================================================
Received Import Request.
  Time since last request: 0.000036 seconds.
  path: Assets/suara/audio new/19 fa.mp3
  artifactKey: Guid(688b7fadee304bb46beaefdc5d3ac32a) Importer(815301076,1909f56bfc062723c751e8b465ee728b)
Start importing Assets/suara/audio new/19 fa.mp3 using Guid(688b7fadee304bb46beaefdc5d3ac32a) Importer(815301076,1909f56bfc062723c751e8b465ee728b)  -> (artifact id: 'b29f4d91e79459f7e6bb557f83f9fedb') in 0.022670 seconds 
========================================================================
Received Import Request.
  Time since last request: 0.000033 seconds.
  path: Assets/suara/audio new/10 zay.mp3
  artifactKey: Guid(8f00459cbd695594fa94966fcee5ba1a) Importer(815301076,1909f56bfc062723c751e8b465ee728b)
Start importing Assets/suara/audio new/10 zay.mp3 using Guid(8f00459cbd695594fa94966fcee5ba1a) Importer(815301076,1909f56bfc062723c751e8b465ee728b)  -> (artifact id: 'f487725cc7c42105e6a8537ce10816ff') in 0.018975 seconds 
========================================================================
Received Import Request.
  Time since last request: 0.000024 seconds.
  path: Assets/suara/audio new/15  tho.mp3
  artifactKey: Guid(190d3398de4d64646ac13cecfb2529f5) Importer(815301076,1909f56bfc062723c751e8b465ee728b)
Start importing Assets/suara/audio new/15  tho.mp3 using Guid(190d3398de4d64646ac13cecfb2529f5) Importer(815301076,1909f56bfc062723c751e8b465ee728b)  -> (artifact id: '13492a6c3c23343399445235a334c3b1') in 0.022218 seconds 
========================================================================
Received Import Request.
  Time since last request: 0.000027 seconds.
  path: Assets/suara/audio new/17 ain.mp3
  artifactKey: Guid(e2c31748130696c47a216815e4a98caf) Importer(815301076,1909f56bfc062723c751e8b465ee728b)
Start importing Assets/suara/audio new/17 ain.mp3 using Guid(e2c31748130696c47a216815e4a98caf) Importer(815301076,1909f56bfc062723c751e8b465ee728b)  -> (artifact id: '3100dcc207c89fca8a3a0f69c8830836') in 0.023055 seconds 
========================================================================
Received Import Request.
  Time since last request: 0.000034 seconds.
  path: Assets/suara/audio new/ro.mp3
  artifactKey: Guid(45516d24243d0004989bd913123b44db) Importer(815301076,1909f56bfc062723c751e8b465ee728b)
Start importing Assets/suara/audio new/ro.mp3 using Guid(45516d24243d0004989bd913123b44db) Importer(815301076,1909f56bfc062723c751e8b465ee728b)  -> (artifact id: '3922caad925211aad5d5f04cb83e205e') in 0.029127 seconds 
========================================================================
Received Import Request.
  Time since last request: 0.000043 seconds.
  path: Assets/suara/audio new/12 syin.mp3
  artifactKey: Guid(36a2e1d34677cc4499812dae4aaab28c) Importer(815301076,1909f56bfc062723c751e8b465ee728b)
Start importing Assets/suara/audio new/12 syin.mp3 using Guid(36a2e1d34677cc4499812dae4aaab28c) Importer(815301076,1909f56bfc062723c751e8b465ee728b)  -> (artifact id: '428617236901d1c59b02bab29b770a23') in 0.023034 seconds 
========================================================================
Received Import Request.
  Time since last request: 0.000053 seconds.
  path: Assets/suara/audio new/9 dzal.mp3
  artifactKey: Guid(4440a88b3e71aba48bd8780ebc923a26) Importer(815301076,1909f56bfc062723c751e8b465ee728b)
Start importing Assets/suara/audio new/9 dzal.mp3 using Guid(4440a88b3e71aba48bd8780ebc923a26) Importer(815301076,1909f56bfc062723c751e8b465ee728b)  -> (artifact id: '40ba06de53b218fd2588b4ed60834afc') in 0.022170 seconds 
========================================================================
Received Import Request.
  Time since last request: 0.000034 seconds.
  path: Assets/suara/audio new/kaf.mp3
  artifactKey: Guid(bceafc2d11c47d445bf64e8fbffba8ef) Importer(815301076,1909f56bfc062723c751e8b465ee728b)
Start importing Assets/suara/audio new/kaf.mp3 using Guid(bceafc2d11c47d445bf64e8fbffba8ef) Importer(815301076,1909f56bfc062723c751e8b465ee728b)  -> (artifact id: 'b62798ebe33b9955ce2da3bd78b3f934') in 0.025036 seconds 
========================================================================
Received Prepare
Registering precompiled user dll's ...
Registered in 0.007867 seconds.
Begin MonoManager ReloadAssembly
Symbol file LoadedFromMemory doesn't match image E:\PA\Project\trial\Library\PackageCache\com.unity.visualscripting@1.8.0\Editor\VisualScripting.Core\Dependencies\YamlDotNet\Unity.VisualScripting.YamlDotNet.dll
Symbol file LoadedFromMemory doesn't match image E:\PA\Project\trial\Library\PackageCache\com.unity.visualscripting@1.8.0\Editor\VisualScripting.Core\Dependencies\DotNetZip\Unity.VisualScripting.IonicZip.dll
Native extension for WindowsStandalone target not found
Native extension for Android target not found
Refreshing native plugins compatible for Editor in 1.49 ms, found 6 plugins.
Preloading 2 native plugins for Editor in 0.13 ms.
Mono: successfully reloaded assembly
- Completed reload, in  2.102 seconds
Domain Reload Profiling:
	ReloadAssembly (2104ms)
		BeginReloadAssembly (269ms)
			ExecutionOrderSort (0ms)
			DisableScriptedObjects (13ms)
			BackupInstance (0ms)
			ReleaseScriptingObjects (0ms)
			CreateAndSetChildDomain (65ms)
		EndReloadAssembly (1648ms)
			LoadAssemblies (149ms)
			RebuildTransferFunctionScriptingTraits (0ms)
			SetupTypeCache (470ms)
			ReleaseScriptCaches (3ms)
			RebuildScriptCaches (160ms)
			SetupLoadedEditorAssemblies (718ms)
				LogAssemblyErrors (0ms)
				InitializePlatformSupportModulesInManaged (35ms)
				SetLoadedEditorAssemblies (1ms)
				RefreshPlugins (2ms)
				BeforeProcessingInitializeOnLoad (133ms)
				ProcessInitializeOnLoadAttributes (485ms)
				ProcessInitializeOnLoadMethodAttributes (50ms)
				AfterProcessingInitializeOnLoad (13ms)
				EditorAssembliesLoaded (0ms)
			ExecutionOrderSort2 (0ms)
			AwakeInstancesAfterBackupRestoration (17ms)
Platform modules already initialized, skipping
Refreshing native plugins compatible for Editor in 6.03 ms, found 6 plugins.
Preloading 2 native plugins for Editor in 0.12 ms.
Unloading 2992 Unused Serialized files (Serialized files now loaded: 0)
Unloading 36 unused Assets / (36.0 KB). Loaded Objects now: 3823.
Memory consumption went from 115.5 MB to 115.5 MB.
Total: 5.778800 ms (FindLiveObjects: 0.343700 ms CreateObjectMapping: 0.184900 ms MarkObjects: 5.174800 ms  DeleteObjects: 0.073800 ms)

AssetImportParameters requested are different than current active one (requested -> active):
  custom:video-decoder-ogg-theora: a1e56fd34408186e4bbccfd4996cb3dc -> 
  custom:container-muxer-webm: aa71ff27fc2769a1b78a27578f13a17b -> 
  custom:container-demuxer-webm: 4f35f7cbe854078d1ac9338744f61a02 -> 
  custom:video-encoder-webm-vp8: eb34c28f22e8b96e1ab97ce403110664 -> 
  custom:audio-encoder-webm-vorbis: bf7c407c2cedff20999df2af8eb42d56 -> 
  custom:framework-win-MediaFoundation: 216162199b28c13a410421893ffa2e32 -> 
  custom:container-demuxer-ogg: 62fdf1f143b41e24485cea50d1cbac27 -> 
  custom:video-decoder-webm-vp8: 9c59270c3fd7afecdb556c50c9e8de78 -> 
  custom:audio-decoder-ogg-vorbis: bf7c407c2cedff20999df2af8eb42d56 -> 
========================================================================
Received Prepare
Registering precompiled user dll's ...
Registered in 0.007951 seconds.
Begin MonoManager ReloadAssembly
Symbol file LoadedFromMemory doesn't match image E:\PA\Project\trial\Library\PackageCache\com.unity.visualscripting@1.8.0\Editor\VisualScripting.Core\Dependencies\YamlDotNet\Unity.VisualScripting.YamlDotNet.dll
Symbol file LoadedFromMemory doesn't match image E:\PA\Project\trial\Library\PackageCache\com.unity.visualscripting@1.8.0\Editor\VisualScripting.Core\Dependencies\DotNetZip\Unity.VisualScripting.IonicZip.dll
Native extension for WindowsStandalone target not found
Native extension for Android target not found
Refreshing native plugins compatible for Editor in 1.25 ms, found 6 plugins.
Preloading 2 native plugins for Editor in 0.14 ms.
Mono: successfully reloaded assembly
- Completed reload, in  1.944 seconds
Domain Reload Profiling:
	ReloadAssembly (1945ms)
		BeginReloadAssembly (258ms)
			ExecutionOrderSort (0ms)
			DisableScriptedObjects (14ms)
			BackupInstance (0ms)
			ReleaseScriptingObjects (0ms)
			CreateAndSetChildDomain (56ms)
		EndReloadAssembly (1493ms)
			LoadAssemblies (153ms)
			RebuildTransferFunctionScriptingTraits (0ms)
			SetupTypeCache (481ms)
			ReleaseScriptCaches (3ms)
			RebuildScriptCaches (114ms)
			SetupLoadedEditorAssemblies (657ms)
				LogAssemblyErrors (0ms)
				InitializePlatformSupportModulesInManaged (37ms)
				SetLoadedEditorAssemblies (1ms)
				RefreshPlugins (2ms)
				BeforeProcessingInitializeOnLoad (143ms)
				ProcessInitializeOnLoadAttributes (412ms)
				ProcessInitializeOnLoadMethodAttributes (47ms)
				AfterProcessingInitializeOnLoad (15ms)
				EditorAssembliesLoaded (0ms)
			ExecutionOrderSort2 (0ms)
			AwakeInstancesAfterBackupRestoration (13ms)
Platform modules already initialized, skipping
Refreshing native plugins compatible for Editor in 8.27 ms, found 6 plugins.
Preloading 2 native plugins for Editor in 0.13 ms.
Unloading 2992 Unused Serialized files (Serialized files now loaded: 0)
Unloading 36 unused Assets / (35.0 KB). Loaded Objects now: 3826.
Memory consumption went from 115.6 MB to 115.5 MB.
Total: 6.217600 ms (FindLiveObjects: 0.357300 ms CreateObjectMapping: 0.204300 ms MarkObjects: 5.595800 ms  DeleteObjects: 0.058500 ms)

AssetImportParameters requested are different than current active one (requested -> active):
  custom:video-decoder-ogg-theora: a1e56fd34408186e4bbccfd4996cb3dc -> 
  custom:container-muxer-webm: aa71ff27fc2769a1b78a27578f13a17b -> 
  custom:container-demuxer-webm: 4f35f7cbe854078d1ac9338744f61a02 -> 
  custom:video-encoder-webm-vp8: eb34c28f22e8b96e1ab97ce403110664 -> 
  custom:audio-encoder-webm-vorbis: bf7c407c2cedff20999df2af8eb42d56 -> 
  custom:framework-win-MediaFoundation: 216162199b28c13a410421893ffa2e32 -> 
  custom:container-demuxer-ogg: 62fdf1f143b41e24485cea50d1cbac27 -> 
  custom:video-decoder-webm-vp8: 9c59270c3fd7afecdb556c50c9e8de78 -> 
  custom:audio-decoder-ogg-vorbis: bf7c407c2cedff20999df2af8eb42d56 -> 
========================================================================
Received Prepare
Refreshing native plugins compatible for Editor in 8.17 ms, found 6 plugins.
Preloading 2 native plugins for Editor in 0.07 ms.
Unloading 37 Unused Serialized files (Serialized files now loaded: 0)
Unloading 36 unused Assets / (32.2 KB). Loaded Objects now: 3827.
Memory consumption went from 56.5 MB to 56.5 MB.
Total: 3.968800 ms (FindLiveObjects: 0.319500 ms CreateObjectMapping: 0.179400 ms MarkObjects: 3.431300 ms  DeleteObjects: 0.037300 ms)

AssetImportParameters requested are different than current active one (requested -> active):
  custom:video-decoder-ogg-theora: a1e56fd34408186e4bbccfd4996cb3dc -> 
  custom:container-muxer-webm: aa71ff27fc2769a1b78a27578f13a17b -> 
  custom:container-demuxer-webm: 4f35f7cbe854078d1ac9338744f61a02 -> 
  custom:video-encoder-webm-vp8: eb34c28f22e8b96e1ab97ce403110664 -> 
  custom:audio-encoder-webm-vorbis: bf7c407c2cedff20999df2af8eb42d56 -> 
  custom:framework-win-MediaFoundation: 216162199b28c13a410421893ffa2e32 -> 
  custom:container-demuxer-ogg: 62fdf1f143b41e24485cea50d1cbac27 -> 
  custom:video-decoder-webm-vp8: 9c59270c3fd7afecdb556c50c9e8de78 -> 
  custom:audio-decoder-ogg-vorbis: bf7c407c2cedff20999df2af8eb42d56 -> 
========================================================================
Received Prepare
Registering precompiled user dll's ...
Registered in 0.006024 seconds.
Begin MonoManager ReloadAssembly
Symbol file LoadedFromMemory doesn't match image E:\PA\Project\trial\Library\PackageCache\com.unity.visualscripting@1.8.0\Editor\VisualScripting.Core\Dependencies\YamlDotNet\Unity.VisualScripting.YamlDotNet.dll
Symbol file LoadedFromMemory doesn't match image E:\PA\Project\trial\Library\PackageCache\com.unity.visualscripting@1.8.0\Editor\VisualScripting.Core\Dependencies\DotNetZip\Unity.VisualScripting.IonicZip.dll
Native extension for WindowsStandalone target not found
Native extension for Android target not found
Refreshing native plugins compatible for Editor in 0.74 ms, found 6 plugins.
Preloading 2 native plugins for Editor in 0.07 ms.
Mono: successfully reloaded assembly
- Completed reload, in  1.348 seconds
Domain Reload Profiling:
	ReloadAssembly (1349ms)
		BeginReloadAssembly (184ms)
			ExecutionOrderSort (0ms)
			DisableScriptedObjects (7ms)
			BackupInstance (0ms)
			ReleaseScriptingObjects (0ms)
			CreateAndSetChildDomain (39ms)
		EndReloadAssembly (1037ms)
			LoadAssemblies (107ms)
			RebuildTransferFunctionScriptingTraits (0ms)
			SetupTypeCache (331ms)
			ReleaseScriptCaches (2ms)
			RebuildScriptCaches (69ms)
			SetupLoadedEditorAssemblies (466ms)
				LogAssemblyErrors (0ms)
				InitializePlatformSupportModulesInManaged (23ms)
				SetLoadedEditorAssemblies (0ms)
				RefreshPlugins (1ms)
				BeforeProcessingInitializeOnLoad (97ms)
				ProcessInitializeOnLoadAttributes (305ms)
				ProcessInitializeOnLoadMethodAttributes (32ms)
				AfterProcessingInitializeOnLoad (7ms)
				EditorAssembliesLoaded (0ms)
			ExecutionOrderSort2 (0ms)
			AwakeInstancesAfterBackupRestoration (10ms)
Platform modules already initialized, skipping
Refreshing native plugins compatible for Editor in 4.24 ms, found 6 plugins.
Preloading 2 native plugins for Editor in 0.06 ms.
Unloading 2993 Unused Serialized files (Serialized files now loaded: 0)
Unloading 36 unused Assets / (35.0 KB). Loaded Objects now: 3830.
Memory consumption went from 115.6 MB to 115.5 MB.
Total: 3.815100 ms (FindLiveObjects: 0.341600 ms CreateObjectMapping: 0.203700 ms MarkObjects: 3.227800 ms  DeleteObjects: 0.040400 ms)

AssetImportParameters requested are different than current active one (requested -> active):
  custom:video-decoder-ogg-theora: a1e56fd34408186e4bbccfd4996cb3dc -> 
  custom:container-muxer-webm: aa71ff27fc2769a1b78a27578f13a17b -> 
  custom:container-demuxer-webm: 4f35f7cbe854078d1ac9338744f61a02 -> 
  custom:video-encoder-webm-vp8: eb34c28f22e8b96e1ab97ce403110664 -> 
  custom:audio-encoder-webm-vorbis: bf7c407c2cedff20999df2af8eb42d56 -> 
  custom:framework-win-MediaFoundation: 216162199b28c13a410421893ffa2e32 -> 
  custom:container-demuxer-ogg: 62fdf1f143b41e24485cea50d1cbac27 -> 
  custom:video-decoder-webm-vp8: 9c59270c3fd7afecdb556c50c9e8de78 -> 
  custom:audio-decoder-ogg-vorbis: bf7c407c2cedff20999df2af8eb42d56 -> 
